PLINK v2.0.0-a.6.13LM 64-bit Intel (15 May 2025)
Options in effect:
  --make-bed
  --out /data/darking1/projects/mito/Heteroplasmy/MitoHPC2/examples/Sim/ONT/out//varscan.varscan.20.merge
  --vcf /data/darking1/projects/mito/Heteroplasmy/MitoHPC2/examples/Sim/ONT/out//varscan.varscan.20.merge.vcf

Hostname: c378
Working directory: /data/darking1/projects/mito/Heteroplasmy/MitoHPC2/examples/Sim/ONT
Start time: Thu Jun 19 18:24:05 2025

Random number seed: 1750371845
193096 MiB RAM detected, ~165083 available; reserving 96548 MiB for main
workspace.
Using 1 compute thread.
--vcf: 492 variants scanned.
--vcf:
/data/darking1/projects/mito/Heteroplasmy/MitoHPC2/examples/Sim/ONT/out//varscan.varscan.20.merge-temporary.pgen
+
/data/darking1/projects/mito/Heteroplasmy/MitoHPC2/examples/Sim/ONT/out//varscan.varscan.20.merge-temporary.pvar.zst
+
/data/darking1/projects/mito/Heteroplasmy/MitoHPC2/examples/Sim/ONT/out//varscan.varscan.20.merge-temporary.psam
written.
30 samples (0 females, 0 males, 30 ambiguous; 30 founders) loaded from
/data/darking1/projects/mito/Heteroplasmy/MitoHPC2/examples/Sim/ONT/out//varscan.varscan.20.merge-temporary.psam.
492 variants loaded from
/data/darking1/projects/mito/Heteroplasmy/MitoHPC2/examples/Sim/ONT/out//varscan.varscan.20.merge-temporary.pvar.zst.
Note: No phenotype data present.
Writing
/data/darking1/projects/mito/Heteroplasmy/MitoHPC2/examples/Sim/ONT/out//varscan.varscan.20.merge.fam
... done.
Writing
/data/darking1/projects/mito/Heteroplasmy/MitoHPC2/examples/Sim/ONT/out//varscan.varscan.20.merge.bim
... done.
Writing
/data/darking1/projects/mito/Heteroplasmy/MitoHPC2/examples/Sim/ONT/out//varscan.varscan.20.merge.bed
... done.

End time: Thu Jun 19 18:24:05 2025
