PLINK v2.0.0-a.6.13LM 64-bit Intel (15 May 2025)
Options in effect:
  --make-bed
  --out /data/darking1/projects/mito/Heteroplasmy/MitoHPC2/examples/HPRC/Illumina/out//varscan.10.merge
  --vcf /data/darking1/projects/mito/Heteroplasmy/MitoHPC2/examples/HPRC/Illumina/out//varscan.10.merge.vcf

Hostname: c410
Working directory: /data/darking1/projects/mito/Heteroplasmy/MitoHPC2/examples/HPRC/Illumina
Start time: Tue Nov 18 19:47:49 2025

Random number seed: 1763513269
193096 MiB RAM detected, ~169968 available; reserving 96548 MiB for main
workspace.
Using 1 compute thread.
--vcf: 456 variants scanned.
--vcf:
/data/darking1/projects/mito/Heteroplasmy/MitoHPC2/examples/HPRC/Illumina/out//varscan.10.merge-temporary.pgen
+
/data/darking1/projects/mito/Heteroplasmy/MitoHPC2/examples/HPRC/Illumina/out//varscan.10.merge-temporary.pvar.zst
+
/data/darking1/projects/mito/Heteroplasmy/MitoHPC2/examples/HPRC/Illumina/out//varscan.10.merge-temporary.psam
written.
39 samples (0 females, 0 males, 39 ambiguous; 39 founders) loaded from
/data/darking1/projects/mito/Heteroplasmy/MitoHPC2/examples/HPRC/Illumina/out//varscan.10.merge-temporary.psam.
456 variants loaded from
/data/darking1/projects/mito/Heteroplasmy/MitoHPC2/examples/HPRC/Illumina/out//varscan.10.merge-temporary.pvar.zst.
Note: No phenotype data present.
Writing
/data/darking1/projects/mito/Heteroplasmy/MitoHPC2/examples/HPRC/Illumina/out//varscan.10.merge.fam
... done.
Writing
/data/darking1/projects/mito/Heteroplasmy/MitoHPC2/examples/HPRC/Illumina/out//varscan.10.merge.bim
... done.
Writing
/data/darking1/projects/mito/Heteroplasmy/MitoHPC2/examples/HPRC/Illumina/out//varscan.10.merge.bed
... done.

End time: Tue Nov 18 19:47:49 2025
